2026-04-04 23:05:10 [[31merror[39m]: TypeError: Cannot set property query of #<IncomingMessage> which has only a getter
    at c:\Users\ajode\medcare-ai\node_modules\express-mongo-sanitize\index.js:113:18
    at Array.forEach (<anonymous>)
    at c:\Users\ajode\medcare-ai\node_modules\express-mongo-sanitize\index.js:110:44
    at Layer.handleRequest (c:\Users\ajode\medcare-ai\backend\node_modules\router\lib\layer.js:152:17)
    at trimPrefix (c:\Users\ajode\medcare-ai\backend\node_modules\router\index.js:342:13)
    at c:\Users\ajode\medcare-ai\backend\node_modules\router\index.js:297:9
    at processParams (c:\Users\ajode\medcare-ai\backend\node_modules\router\index.js:582:12)
    at next (c:\Users\ajode\medcare-ai\backend\node_modules\router\index.js:291:5)
    at internalNext (c:\Users\ajode\medcare-ai\node_modules\helmet\index.cjs:537:6)
    at xXssProtectionMiddleware (c:\Users\ajode\medcare-ai\node_modules\helmet\index.cjs:315:3)
2026-04-04 23:05:17 [[31merror[39m]: TypeError: Cannot set property query of #<IncomingMessage> which has only a getter
    at c:\Users\ajode\medcare-ai\node_modules\express-mongo-sanitize\index.js:113:18
    at Array.forEach (<anonymous>)
    at c:\Users\ajode\medcare-ai\node_modules\express-mongo-sanitize\index.js:110:44
    at Layer.handleRequest (c:\Users\ajode\medcare-ai\backend\node_modules\router\lib\layer.js:152:17)
    at trimPrefix (c:\Users\ajode\medcare-ai\backend\node_modules\router\index.js:342:13)
    at c:\Users\ajode\medcare-ai\backend\node_modules\router\index.js:297:9
    at processParams (c:\Users\ajode\medcare-ai\backend\node_modules\router\index.js:582:12)
    at next (c:\Users\ajode\medcare-ai\backend\node_modules\router\index.js:291:5)
    at internalNext (c:\Users\ajode\medcare-ai\node_modules\helmet\index.cjs:537:6)
    at xXssProtectionMiddleware (c:\Users\ajode\medcare-ai\node_modules\helmet\index.cjs:315:3)
2026-04-04 23:05:22 [[31merror[39m]: [31m❌ MongoDB connection failed: connect ECONNREFUSED 127.0.0.1:27017[39m
2026-04-04 23:05:57 [[31merror[39m]: [31m❌ MongoDB connection failed: connect ECONNREFUSED 127.0.0.1:27017[39m
2026-04-04 23:06:28 [[31merror[39m]: TypeError: Cannot set property query of #<IncomingMessage> which has only a getter
    at c:\Users\ajode\medcare-ai\node_modules\express-mongo-sanitize\index.js:113:18
    at Array.forEach (<anonymous>)
    at c:\Users\ajode\medcare-ai\node_modules\express-mongo-sanitize\index.js:110:44
    at Layer.handleRequest (c:\Users\ajode\medcare-ai\backend\node_modules\router\lib\layer.js:152:17)
    at trimPrefix (c:\Users\ajode\medcare-ai\backend\node_modules\router\index.js:342:13)
    at c:\Users\ajode\medcare-ai\backend\node_modules\router\index.js:297:9
    at processParams (c:\Users\ajode\medcare-ai\backend\node_modules\router\index.js:582:12)
    at next (c:\Users\ajode\medcare-ai\backend\node_modules\router\index.js:291:5)
    at internalNext (c:\Users\ajode\medcare-ai\node_modules\helmet\index.cjs:537:6)
    at xXssProtectionMiddleware (c:\Users\ajode\medcare-ai\node_modules\helmet\index.cjs:315:3)
2026-04-04 23:06:29 [[31merror[39m]: TypeError: Cannot set property query of #<IncomingMessage> which has only a getter
    at c:\Users\ajode\medcare-ai\node_modules\express-mongo-sanitize\index.js:113:18
    at Array.forEach (<anonymous>)
    at c:\Users\ajode\medcare-ai\node_modules\express-mongo-sanitize\index.js:110:44
    at Layer.handleRequest (c:\Users\ajode\medcare-ai\backend\node_modules\router\lib\layer.js:152:17)
    at trimPrefix (c:\Users\ajode\medcare-ai\backend\node_modules\router\index.js:342:13)
    at c:\Users\ajode\medcare-ai\backend\node_modules\router\index.js:297:9
    at processParams (c:\Users\ajode\medcare-ai\backend\node_modules\router\index.js:582:12)
    at next (c:\Users\ajode\medcare-ai\backend\node_modules\router\index.js:291:5)
    at internalNext (c:\Users\ajode\medcare-ai\node_modules\helmet\index.cjs:537:6)
    at xXssProtectionMiddleware (c:\Users\ajode\medcare-ai\node_modules\helmet\index.cjs:315:3)
2026-04-04 23:06:29 [[31merror[39m]: TypeError: Cannot set property query of #<IncomingMessage> which has only a getter
    at c:\Users\ajode\medcare-ai\node_modules\express-mongo-sanitize\index.js:113:18
    at Array.forEach (<anonymous>)
    at c:\Users\ajode\medcare-ai\node_modules\express-mongo-sanitize\index.js:110:44
    at Layer.handleRequest (c:\Users\ajode\medcare-ai\backend\node_modules\router\lib\layer.js:152:17)
    at trimPrefix (c:\Users\ajode\medcare-ai\backend\node_modules\router\index.js:342:13)
    at c:\Users\ajode\medcare-ai\backend\node_modules\router\index.js:297:9
    at processParams (c:\Users\ajode\medcare-ai\backend\node_modules\router\index.js:582:12)
    at next (c:\Users\ajode\medcare-ai\backend\node_modules\router\index.js:291:5)
    at internalNext (c:\Users\ajode\medcare-ai\node_modules\helmet\index.cjs:537:6)
    at xXssProtectionMiddleware (c:\Users\ajode\medcare-ai\node_modules\helmet\index.cjs:315:3)
2026-04-04 23:06:29 [[31merror[39m]: TypeError: Cannot set property query of #<IncomingMessage> which has only a getter
    at c:\Users\ajode\medcare-ai\node_modules\express-mongo-sanitize\index.js:113:18
    at Array.forEach (<anonymous>)
    at c:\Users\ajode\medcare-ai\node_modules\express-mongo-sanitize\index.js:110:44
    at Layer.handleRequest (c:\Users\ajode\medcare-ai\backend\node_modules\router\lib\layer.js:152:17)
    at trimPrefix (c:\Users\ajode\medcare-ai\backend\node_modules\router\index.js:342:13)
    at c:\Users\ajode\medcare-ai\backend\node_modules\router\index.js:297:9
    at processParams (c:\Users\ajode\medcare-ai\backend\node_modules\router\index.js:582:12)
    at next (c:\Users\ajode\medcare-ai\backend\node_modules\router\index.js:291:5)
    at internalNext (c:\Users\ajode\medcare-ai\node_modules\helmet\index.cjs:537:6)
    at xXssProtectionMiddleware (c:\Users\ajode\medcare-ai\node_modules\helmet\index.cjs:315:3)
2026-04-04 23:06:32 [[31merror[39m]: [31m❌ MongoDB connection failed: connect ECONNREFUSED 127.0.0.1:27017[39m
2026-04-04 23:07:07 [[31merror[39m]: [31m❌ MongoDB connection failed: connect ECONNREFUSED 127.0.0.1:27017[39m
2026-04-04 23:07:42 [[31merror[39m]: [31m❌ MongoDB connection failed: connect ECONNREFUSED 127.0.0.1:27017[39m
2026-04-04 23:08:17 [[31merror[39m]: [31m❌ MongoDB connection failed: connect ECONNREFUSED 127.0.0.1:27017[39m
2026-04-04 23:08:22 [[31merror[39m]: TypeError: Cannot set property query of #<IncomingMessage> which has only a getter
    at c:\Users\ajode\medcare-ai\node_modules\express-mongo-sanitize\index.js:113:18
    at Array.forEach (<anonymous>)
    at c:\Users\ajode\medcare-ai\node_modules\express-mongo-sanitize\index.js:110:44
    at Layer.handleRequest (c:\Users\ajode\medcare-ai\backend\node_modules\router\lib\layer.js:152:17)
    at trimPrefix (c:\Users\ajode\medcare-ai\backend\node_modules\router\index.js:342:13)
    at c:\Users\ajode\medcare-ai\backend\node_modules\router\index.js:297:9
    at processParams (c:\Users\ajode\medcare-ai\backend\node_modules\router\index.js:582:12)
    at next (c:\Users\ajode\medcare-ai\backend\node_modules\router\index.js:291:5)
    at internalNext (c:\Users\ajode\medcare-ai\node_modules\helmet\index.cjs:537:6)
    at xXssProtectionMiddleware (c:\Users\ajode\medcare-ai\node_modules\helmet\index.cjs:315:3)
2026-04-04 23:08:23 [[31merror[39m]: TypeError: Cannot set property query of #<IncomingMessage> which has only a getter
    at c:\Users\ajode\medcare-ai\node_modules\express-mongo-sanitize\index.js:113:18
    at Array.forEach (<anonymous>)
    at c:\Users\ajode\medcare-ai\node_modules\express-mongo-sanitize\index.js:110:44
    at Layer.handleRequest (c:\Users\ajode\medcare-ai\backend\node_modules\router\lib\layer.js:152:17)
    at trimPrefix (c:\Users\ajode\medcare-ai\backend\node_modules\router\index.js:342:13)
    at c:\Users\ajode\medcare-ai\backend\node_modules\router\index.js:297:9
    at processParams (c:\Users\ajode\medcare-ai\backend\node_modules\router\index.js:582:12)
    at next (c:\Users\ajode\medcare-ai\backend\node_modules\router\index.js:291:5)
    at internalNext (c:\Users\ajode\medcare-ai\node_modules\helmet\index.cjs:537:6)
    at xXssProtectionMiddleware (c:\Users\ajode\medcare-ai\node_modules\helmet\index.cjs:315:3)
2026-04-04 23:08:23 [[31merror[39m]: TypeError: Cannot set property query of #<IncomingMessage> which has only a getter
    at c:\Users\ajode\medcare-ai\node_modules\express-mongo-sanitize\index.js:113:18
    at Array.forEach (<anonymous>)
    at c:\Users\ajode\medcare-ai\node_modules\express-mongo-sanitize\index.js:110:44
    at Layer.handleRequest (c:\Users\ajode\medcare-ai\backend\node_modules\router\lib\layer.js:152:17)
    at trimPrefix (c:\Users\ajode\medcare-ai\backend\node_modules\router\index.js:342:13)
    at c:\Users\ajode\medcare-ai\backend\node_modules\router\index.js:297:9
    at processParams (c:\Users\ajode\medcare-ai\backend\node_modules\router\index.js:582:12)
    at next (c:\Users\ajode\medcare-ai\backend\node_modules\router\index.js:291:5)
    at internalNext (c:\Users\ajode\medcare-ai\node_modules\helmet\index.cjs:537:6)
    at xXssProtectionMiddleware (c:\Users\ajode\medcare-ai\node_modules\helmet\index.cjs:315:3)
2026-04-04 23:08:23 [[31merror[39m]: TypeError: Cannot set property query of #<IncomingMessage> which has only a getter
    at c:\Users\ajode\medcare-ai\node_modules\express-mongo-sanitize\index.js:113:18
    at Array.forEach (<anonymous>)
    at c:\Users\ajode\medcare-ai\node_modules\express-mongo-sanitize\index.js:110:44
    at Layer.handleRequest (c:\Users\ajode\medcare-ai\backend\node_modules\router\lib\layer.js:152:17)
    at trimPrefix (c:\Users\ajode\medcare-ai\backend\node_modules\router\index.js:342:13)
    at c:\Users\ajode\medcare-ai\backend\node_modules\router\index.js:297:9
    at processParams (c:\Users\ajode\medcare-ai\backend\node_modules\router\index.js:582:12)
    at next (c:\Users\ajode\medcare-ai\backend\node_modules\router\index.js:291:5)
    at internalNext (c:\Users\ajode\medcare-ai\node_modules\helmet\index.cjs:537:6)
    at xXssProtectionMiddleware (c:\Users\ajode\medcare-ai\node_modules\helmet\index.cjs:315:3)
2026-04-04 23:08:52 [[31merror[39m]: [31m❌ MongoDB connection failed: connect ECONNREFUSED 127.0.0.1:27017[39m
2026-04-04 23:09:27 [[31merror[39m]: [31m❌ MongoDB connection failed: connect ECONNREFUSED 127.0.0.1:27017[39m
2026-04-04 23:10:02 [[31merror[39m]: [31m❌ MongoDB connection failed: connect ECONNREFUSED 127.0.0.1:27017[39m
2026-04-04 23:10:37 [[31merror[39m]: [31m❌ MongoDB connection failed: connect ECONNREFUSED 127.0.0.1:27017[39m
2026-04-04 23:10:58 [[31merror[39m]: TypeError: Cannot set property query of #<IncomingMessage> which has only a getter
    at c:\Users\ajode\medcare-ai\node_modules\express-mongo-sanitize\index.js:113:18
    at Array.forEach (<anonymous>)
    at c:\Users\ajode\medcare-ai\node_modules\express-mongo-sanitize\index.js:110:44
    at Layer.handleRequest (c:\Users\ajode\medcare-ai\backend\node_modules\router\lib\layer.js:152:17)
    at trimPrefix (c:\Users\ajode\medcare-ai\backend\node_modules\router\index.js:342:13)
    at c:\Users\ajode\medcare-ai\backend\node_modules\router\index.js:297:9
    at processParams (c:\Users\ajode\medcare-ai\backend\node_modules\router\index.js:582:12)
    at next (c:\Users\ajode\medcare-ai\backend\node_modules\router\index.js:291:5)
    at internalNext (c:\Users\ajode\medcare-ai\node_modules\helmet\index.cjs:537:6)
    at xXssProtectionMiddleware (c:\Users\ajode\medcare-ai\node_modules\helmet\index.cjs:315:3)
2026-04-04 23:11:12 [[31merror[39m]: [31m❌ MongoDB connection failed: connect ECONNREFUSED 127.0.0.1:27017[39m
2026-04-04 23:11:47 [[31merror[39m]: [31m❌ MongoDB connection failed: connect ECONNREFUSED 127.0.0.1:27017[39m
2026-04-04 23:12:11 [[31merror[39m]: TypeError: Cannot set property query of #<IncomingMessage> which has only a getter
    at c:\Users\ajode\medcare-ai\node_modules\express-mongo-sanitize\index.js:113:18
    at Array.forEach (<anonymous>)
    at c:\Users\ajode\medcare-ai\node_modules\express-mongo-sanitize\index.js:110:44
    at Layer.handleRequest (c:\Users\ajode\medcare-ai\backend\node_modules\router\lib\layer.js:152:17)
    at trimPrefix (c:\Users\ajode\medcare-ai\backend\node_modules\router\index.js:342:13)
    at c:\Users\ajode\medcare-ai\backend\node_modules\router\index.js:297:9
    at processParams (c:\Users\ajode\medcare-ai\backend\node_modules\router\index.js:582:12)
    at next (c:\Users\ajode\medcare-ai\backend\node_modules\router\index.js:291:5)
    at internalNext (c:\Users\ajode\medcare-ai\node_modules\helmet\index.cjs:537:6)
    at xXssProtectionMiddleware (c:\Users\ajode\medcare-ai\node_modules\helmet\index.cjs:315:3)
2026-04-04 23:12:12 [[31merror[39m]: TypeError: Cannot set property query of #<IncomingMessage> which has only a getter
    at c:\Users\ajode\medcare-ai\node_modules\express-mongo-sanitize\index.js:113:18
    at Array.forEach (<anonymous>)
    at c:\Users\ajode\medcare-ai\node_modules\express-mongo-sanitize\index.js:110:44
    at Layer.handleRequest (c:\Users\ajode\medcare-ai\backend\node_modules\router\lib\layer.js:152:17)
    at trimPrefix (c:\Users\ajode\medcare-ai\backend\node_modules\router\index.js:342:13)
    at c:\Users\ajode\medcare-ai\backend\node_modules\router\index.js:297:9
    at processParams (c:\Users\ajode\medcare-ai\backend\node_modules\router\index.js:582:12)
    at next (c:\Users\ajode\medcare-ai\backend\node_modules\router\index.js:291:5)
    at internalNext (c:\Users\ajode\medcare-ai\node_modules\helmet\index.cjs:537:6)
    at xXssProtectionMiddleware (c:\Users\ajode\medcare-ai\node_modules\helmet\index.cjs:315:3)
2026-04-04 23:12:12 [[31merror[39m]: TypeError: Cannot set property query of #<IncomingMessage> which has only a getter
    at c:\Users\ajode\medcare-ai\node_modules\express-mongo-sanitize\index.js:113:18
    at Array.forEach (<anonymous>)
    at c:\Users\ajode\medcare-ai\node_modules\express-mongo-sanitize\index.js:110:44
    at Layer.handleRequest (c:\Users\ajode\medcare-ai\backend\node_modules\router\lib\layer.js:152:17)
    at trimPrefix (c:\Users\ajode\medcare-ai\backend\node_modules\router\index.js:342:13)
    at c:\Users\ajode\medcare-ai\backend\node_modules\router\index.js:297:9
    at processParams (c:\Users\ajode\medcare-ai\backend\node_modules\router\index.js:582:12)
    at next (c:\Users\ajode\medcare-ai\backend\node_modules\router\index.js:291:5)
    at internalNext (c:\Users\ajode\medcare-ai\node_modules\helmet\index.cjs:537:6)
    at xXssProtectionMiddleware (c:\Users\ajode\medcare-ai\node_modules\helmet\index.cjs:315:3)
2026-04-04 23:12:12 [[31merror[39m]: TypeError: Cannot set property query of #<IncomingMessage> which has only a getter
    at c:\Users\ajode\medcare-ai\node_modules\express-mongo-sanitize\index.js:113:18
    at Array.forEach (<anonymous>)
    at c:\Users\ajode\medcare-ai\node_modules\express-mongo-sanitize\index.js:110:44
    at Layer.handleRequest (c:\Users\ajode\medcare-ai\backend\node_modules\router\lib\layer.js:152:17)
    at trimPrefix (c:\Users\ajode\medcare-ai\backend\node_modules\router\index.js:342:13)
    at c:\Users\ajode\medcare-ai\backend\node_modules\router\index.js:297:9
    at processParams (c:\Users\ajode\medcare-ai\backend\node_modules\router\index.js:582:12)
    at next (c:\Users\ajode\medcare-ai\backend\node_modules\router\index.js:291:5)
    at internalNext (c:\Users\ajode\medcare-ai\node_modules\helmet\index.cjs:537:6)
    at xXssProtectionMiddleware (c:\Users\ajode\medcare-ai\node_modules\helmet\index.cjs:315:3)
2026-04-04 23:12:22 [[31merror[39m]: [31m❌ MongoDB connection failed: connect ECONNREFUSED 127.0.0.1:27017[39m
2026-04-04 23:12:58 [[31merror[39m]: [31m❌ MongoDB connection failed: connect ECONNREFUSED 127.0.0.1:27017[39m
2026-04-04 23:13:33 [[31merror[39m]: [31m❌ MongoDB connection failed: connect ECONNREFUSED 127.0.0.1:27017[39m
2026-04-04 23:14:08 [[31merror[39m]: [31m❌ MongoDB connection failed: connect ECONNREFUSED 127.0.0.1:27017[39m
2026-04-04 23:14:43 [[31merror[39m]: [31m❌ MongoDB connection failed: connect ECONNREFUSED 127.0.0.1:27017[39m
2026-04-04 23:15:18 [[31merror[39m]: [31m❌ MongoDB connection failed: connect ECONNREFUSED 127.0.0.1:27017[39m
2026-04-04 23:15:53 [[31merror[39m]: [31m❌ MongoDB connection failed: connect ECONNREFUSED 127.0.0.1:27017[39m
2026-04-04 23:16:16 [[31merror[39m]: TypeError: Cannot set property query of #<IncomingMessage> which has only a getter
    at c:\Users\ajode\medcare-ai\node_modules\express-mongo-sanitize\index.js:113:18
    at Array.forEach (<anonymous>)
    at c:\Users\ajode\medcare-ai\node_modules\express-mongo-sanitize\index.js:110:44
    at Layer.handleRequest (c:\Users\ajode\medcare-ai\backend\node_modules\router\lib\layer.js:152:17)
    at trimPrefix (c:\Users\ajode\medcare-ai\backend\node_modules\router\index.js:342:13)
    at c:\Users\ajode\medcare-ai\backend\node_modules\router\index.js:297:9
    at processParams (c:\Users\ajode\medcare-ai\backend\node_modules\router\index.js:582:12)
    at next (c:\Users\ajode\medcare-ai\backend\node_modules\router\index.js:291:5)
    at internalNext (c:\Users\ajode\medcare-ai\node_modules\helmet\index.cjs:537:6)
    at xXssProtectionMiddleware (c:\Users\ajode\medcare-ai\node_modules\helmet\index.cjs:315:3)
2026-04-04 23:16:28 [[31merror[39m]: [31m❌ MongoDB connection failed: connect ECONNREFUSED 127.0.0.1:27017[39m
2026-04-04 23:16:32 [[31merror[39m]: TypeError: Cannot set property query of #<IncomingMessage> which has only a getter
    at c:\Users\ajode\medcare-ai\node_modules\express-mongo-sanitize\index.js:113:18
    at Array.forEach (<anonymous>)
    at c:\Users\ajode\medcare-ai\node_modules\express-mongo-sanitize\index.js:110:44
    at Layer.handleRequest (c:\Users\ajode\medcare-ai\backend\node_modules\router\lib\layer.js:152:17)
    at trimPrefix (c:\Users\ajode\medcare-ai\backend\node_modules\router\index.js:342:13)
    at c:\Users\ajode\medcare-ai\backend\node_modules\router\index.js:297:9
    at processParams (c:\Users\ajode\medcare-ai\backend\node_modules\router\index.js:582:12)
    at next (c:\Users\ajode\medcare-ai\backend\node_modules\router\index.js:291:5)
    at internalNext (c:\Users\ajode\medcare-ai\node_modules\helmet\index.cjs:537:6)
    at xXssProtectionMiddleware (c:\Users\ajode\medcare-ai\node_modules\helmet\index.cjs:315:3)
2026-04-04 23:17:03 [[31merror[39m]: [31m❌ MongoDB connection failed: connect ECONNREFUSED 127.0.0.1:27017[39m
2026-04-04 23:17:38 [[31merror[39m]: [31m❌ MongoDB connection failed: connect ECONNREFUSED 127.0.0.1:27017[39m
2026-04-04 23:18:13 [[31merror[39m]: [31m❌ MongoDB connection failed: connect ECONNREFUSED 127.0.0.1:27017[39m
2026-04-10 00:07:01 [[31merror[39m]: [31m❌ MongoDB connection failed: Could not connect to any servers in your MongoDB Atlas cluster. One common reason is that you're trying to access the database from an IP that isn't whitelisted. Make sure your current IP address is on your Atlas cluster's IP whitelist: https://www.mongodb.com/docs/atlas/security-whitelist/[39m
2026-04-10 00:07:22 [[31merror[39m]: MongooseError: Operation `users.findOne()` buffering timed out after 10000ms
    at Timeout.<anonymous> (C:\Users\ajode\medcare-ai\node_modules\mongoose\lib\drivers\node-mongodb-native\collection.js:187:23)
    at listOnTimeout (node:internal/timers:605:17)
    at process.processTimers (node:internal/timers:541:7)
2026-04-10 00:07:36 [[31merror[39m]: [31m❌ MongoDB connection failed: Could not connect to any servers in your MongoDB Atlas cluster. One common reason is that you're trying to access the database from an IP that isn't whitelisted. Make sure your current IP address is on your Atlas cluster's IP whitelist: https://www.mongodb.com/docs/atlas/security-whitelist/[39m
2026-04-10 00:08:11 [[31merror[39m]: [31m❌ MongoDB connection failed: Could not connect to any servers in your MongoDB Atlas cluster. One common reason is that you're trying to access the database from an IP that isn't whitelisted. Make sure your current IP address is on your Atlas cluster's IP whitelist: https://www.mongodb.com/docs/atlas/security-whitelist/[39m
2026-04-10 00:08:46 [[31merror[39m]: [31m❌ MongoDB connection failed: Could not connect to any servers in your MongoDB Atlas cluster. One common reason is that you're trying to access the database from an IP that isn't whitelisted. Make sure your current IP address is on your Atlas cluster's IP whitelist: https://www.mongodb.com/docs/atlas/security-whitelist/[39m
2026-04-10 00:09:21 [[31merror[39m]: [31m❌ MongoDB connection failed: Could not connect to any servers in your MongoDB Atlas cluster. One common reason is that you're trying to access the database from an IP that isn't whitelisted. Make sure your current IP address is on your Atlas cluster's IP whitelist: https://www.mongodb.com/docs/atlas/security-whitelist/[39m
2026-04-10 00:09:56 [[31merror[39m]: [31m❌ MongoDB connection failed: Could not connect to any servers in your MongoDB Atlas cluster. One common reason is that you're trying to access the database from an IP that isn't whitelisted. Make sure your current IP address is on your Atlas cluster's IP whitelist: https://www.mongodb.com/docs/atlas/security-whitelist/[39m
2026-04-10 00:10:31 [[31merror[39m]: [31m❌ MongoDB connection failed: Could not connect to any servers in your MongoDB Atlas cluster. One common reason is that you're trying to access the database from an IP that isn't whitelisted. Make sure your current IP address is on your Atlas cluster's IP whitelist: https://www.mongodb.com/docs/atlas/security-whitelist/[39m
2026-04-10 00:11:06 [[31merror[39m]: [31m❌ MongoDB connection failed: Could not connect to any servers in your MongoDB Atlas cluster. One common reason is that you're trying to access the database from an IP that isn't whitelisted. Make sure your current IP address is on your Atlas cluster's IP whitelist: https://www.mongodb.com/docs/atlas/security-whitelist/[39m
2026-04-10 00:11:41 [[31merror[39m]: [31m❌ MongoDB connection failed: Could not connect to any servers in your MongoDB Atlas cluster. One common reason is that you're trying to access the database from an IP that isn't whitelisted. Make sure your current IP address is on your Atlas cluster's IP whitelist: https://www.mongodb.com/docs/atlas/security-whitelist/[39m
2026-04-10 00:12:17 [[31merror[39m]: [31m❌ MongoDB connection failed: Could not connect to any servers in your MongoDB Atlas cluster. One common reason is that you're trying to access the database from an IP that isn't whitelisted. Make sure your current IP address is on your Atlas cluster's IP whitelist: https://www.mongodb.com/docs/atlas/security-whitelist/[39m
2026-04-10 00:12:52 [[31merror[39m]: [31m❌ MongoDB connection failed: Could not connect to any servers in your MongoDB Atlas cluster. One common reason is that you're trying to access the database from an IP that isn't whitelisted. Make sure your current IP address is on your Atlas cluster's IP whitelist: https://www.mongodb.com/docs/atlas/security-whitelist/[39m
2026-04-10 00:13:27 [[31merror[39m]: [31m❌ MongoDB connection failed: Could not connect to any servers in your MongoDB Atlas cluster. One common reason is that you're trying to access the database from an IP that isn't whitelisted. Make sure your current IP address is on your Atlas cluster's IP whitelist: https://www.mongodb.com/docs/atlas/security-whitelist/[39m
2026-04-10 00:14:02 [[31merror[39m]: [31m❌ MongoDB connection failed: Could not connect to any servers in your MongoDB Atlas cluster. One common reason is that you're trying to access the database from an IP that isn't whitelisted. Make sure your current IP address is on your Atlas cluster's IP whitelist: https://www.mongodb.com/docs/atlas/security-whitelist/[39m
2026-04-10 00:14:37 [[31merror[39m]: [31m❌ MongoDB connection failed: Could not connect to any servers in your MongoDB Atlas cluster. One common reason is that you're trying to access the database from an IP that isn't whitelisted. Make sure your current IP address is on your Atlas cluster's IP whitelist: https://www.mongodb.com/docs/atlas/security-whitelist/[39m
2026-04-10 00:15:12 [[31merror[39m]: [31m❌ MongoDB connection failed: Could not connect to any servers in your MongoDB Atlas cluster. One common reason is that you're trying to access the database from an IP that isn't whitelisted. Make sure your current IP address is on your Atlas cluster's IP whitelist: https://www.mongodb.com/docs/atlas/security-whitelist/[39m
2026-04-10 00:15:47 [[31merror[39m]: [31m❌ MongoDB connection failed: Could not connect to any servers in your MongoDB Atlas cluster. One common reason is that you're trying to access the database from an IP that isn't whitelisted. Make sure your current IP address is on your Atlas cluster's IP whitelist: https://www.mongodb.com/docs/atlas/security-whitelist/[39m
2026-04-10 00:16:22 [[31merror[39m]: [31m❌ MongoDB connection failed: Could not connect to any servers in your MongoDB Atlas cluster. One common reason is that you're trying to access the database from an IP that isn't whitelisted. Make sure your current IP address is on your Atlas cluster's IP whitelist: https://www.mongodb.com/docs/atlas/security-whitelist/[39m
2026-04-10 00:16:57 [[31merror[39m]: [31m❌ MongoDB connection failed: Could not connect to any servers in your MongoDB Atlas cluster. One common reason is that you're trying to access the database from an IP that isn't whitelisted. Make sure your current IP address is on your Atlas cluster's IP whitelist: https://www.mongodb.com/docs/atlas/security-whitelist/[39m
2026-04-10 00:17:32 [[31merror[39m]: [31m❌ MongoDB connection failed: Could not connect to any servers in your MongoDB Atlas cluster. One common reason is that you're trying to access the database from an IP that isn't whitelisted. Make sure your current IP address is on your Atlas cluster's IP whitelist: https://www.mongodb.com/docs/atlas/security-whitelist/[39m
2026-04-10 00:18:07 [[31merror[39m]: [31m❌ MongoDB connection failed: Could not connect to any servers in your MongoDB Atlas cluster. One common reason is that you're trying to access the database from an IP that isn't whitelisted. Make sure your current IP address is on your Atlas cluster's IP whitelist: https://www.mongodb.com/docs/atlas/security-whitelist/[39m
2026-04-10 00:18:42 [[31merror[39m]: [31m❌ MongoDB connection failed: Could not connect to any servers in your MongoDB Atlas cluster. One common reason is that you're trying to access the database from an IP that isn't whitelisted. Make sure your current IP address is on your Atlas cluster's IP whitelist: https://www.mongodb.com/docs/atlas/security-whitelist/[39m
2026-04-10 00:19:18 [[31merror[39m]: [31m❌ MongoDB connection failed: Could not connect to any servers in your MongoDB Atlas cluster. One common reason is that you're trying to access the database from an IP that isn't whitelisted. Make sure your current IP address is on your Atlas cluster's IP whitelist: https://www.mongodb.com/docs/atlas/security-whitelist/[39m
2026-04-10 00:19:53 [[31merror[39m]: [31m❌ MongoDB connection failed: Could not connect to any servers in your MongoDB Atlas cluster. One common reason is that you're trying to access the database from an IP that isn't whitelisted. Make sure your current IP address is on your Atlas cluster's IP whitelist: https://www.mongodb.com/docs/atlas/security-whitelist/[39m
2026-04-10 00:20:28 [[31merror[39m]: [31m❌ MongoDB connection failed: Could not connect to any servers in your MongoDB Atlas cluster. One common reason is that you're trying to access the database from an IP that isn't whitelisted. Make sure your current IP address is on your Atlas cluster's IP whitelist: https://www.mongodb.com/docs/atlas/security-whitelist/[39m
2026-04-10 00:21:03 [[31merror[39m]: [31m❌ MongoDB connection failed: Could not connect to any servers in your MongoDB Atlas cluster. One common reason is that you're trying to access the database from an IP that isn't whitelisted. Make sure your current IP address is on your Atlas cluster's IP whitelist: https://www.mongodb.com/docs/atlas/security-whitelist/[39m
2026-04-10 00:21:38 [[31merror[39m]: [31m❌ MongoDB connection failed: Could not connect to any servers in your MongoDB Atlas cluster. One common reason is that you're trying to access the database from an IP that isn't whitelisted. Make sure your current IP address is on your Atlas cluster's IP whitelist: https://www.mongodb.com/docs/atlas/security-whitelist/[39m
2026-04-10 00:22:28 [[31merror[39m]: [31m❌ MongoDB connection failed: Could not connect to any servers in your MongoDB Atlas cluster. One common reason is that you're trying to access the database from an IP that isn't whitelisted. Make sure your current IP address is on your Atlas cluster's IP whitelist: https://www.mongodb.com/docs/atlas/security-whitelist/[39m
2026-04-10 00:23:03 [[31merror[39m]: [31m❌ MongoDB connection failed: Could not connect to any servers in your MongoDB Atlas cluster. One common reason is that you're trying to access the database from an IP that isn't whitelisted. Make sure your current IP address is on your Atlas cluster's IP whitelist: https://www.mongodb.com/docs/atlas/security-whitelist/[39m
2026-04-10 00:23:38 [[31merror[39m]: [31m❌ MongoDB connection failed: Could not connect to any servers in your MongoDB Atlas cluster. One common reason is that you're trying to access the database from an IP that isn't whitelisted. Make sure your current IP address is on your Atlas cluster's IP whitelist: https://www.mongodb.com/docs/atlas/security-whitelist/[39m
2026-04-10 00:24:13 [[31merror[39m]: [31m❌ MongoDB connection failed: Could not connect to any servers in your MongoDB Atlas cluster. One common reason is that you're trying to access the database from an IP that isn't whitelisted. Make sure your current IP address is on your Atlas cluster's IP whitelist: https://www.mongodb.com/docs/atlas/security-whitelist/[39m
2026-04-10 00:24:48 [[31merror[39m]: [31m❌ MongoDB connection failed: Could not connect to any servers in your MongoDB Atlas cluster. One common reason is that you're trying to access the database from an IP that isn't whitelisted. Make sure your current IP address is on your Atlas cluster's IP whitelist: https://www.mongodb.com/docs/atlas/security-whitelist/[39m
2026-04-10 00:25:23 [[31merror[39m]: [31m❌ MongoDB connection failed: Could not connect to any servers in your MongoDB Atlas cluster. One common reason is that you're trying to access the database from an IP that isn't whitelisted. Make sure your current IP address is on your Atlas cluster's IP whitelist: https://www.mongodb.com/docs/atlas/security-whitelist/[39m
2026-04-10 00:25:58 [[31merror[39m]: [31m❌ MongoDB connection failed: Could not connect to any servers in your MongoDB Atlas cluster. One common reason is that you're trying to access the database from an IP that isn't whitelisted. Make sure your current IP address is on your Atlas cluster's IP whitelist: https://www.mongodb.com/docs/atlas/security-whitelist/[39m
2026-04-10 00:26:33 [[31merror[39m]: [31m❌ MongoDB connection failed: Could not connect to any servers in your MongoDB Atlas cluster. One common reason is that you're trying to access the database from an IP that isn't whitelisted. Make sure your current IP address is on your Atlas cluster's IP whitelist: https://www.mongodb.com/docs/atlas/security-whitelist/[39m
2026-04-10 00:27:08 [[31merror[39m]: [31m❌ MongoDB connection failed: Could not connect to any servers in your MongoDB Atlas cluster. One common reason is that you're trying to access the database from an IP that isn't whitelisted. Make sure your current IP address is on your Atlas cluster's IP whitelist: https://www.mongodb.com/docs/atlas/security-whitelist/[39m
2026-04-10 00:27:43 [[31merror[39m]: [31m❌ MongoDB connection failed: Could not connect to any servers in your MongoDB Atlas cluster. One common reason is that you're trying to access the database from an IP that isn't whitelisted. Make sure your current IP address is on your Atlas cluster's IP whitelist: https://www.mongodb.com/docs/atlas/security-whitelist/[39m
2026-04-10 00:28:19 [[31merror[39m]: [31m❌ MongoDB connection failed: Could not connect to any servers in your MongoDB Atlas cluster. One common reason is that you're trying to access the database from an IP that isn't whitelisted. Make sure your current IP address is on your Atlas cluster's IP whitelist: https://www.mongodb.com/docs/atlas/security-whitelist/[39m
2026-04-10 00:28:54 [[31merror[39m]: [31m❌ MongoDB connection failed: Could not connect to any servers in your MongoDB Atlas cluster. One common reason is that you're trying to access the database from an IP that isn't whitelisted. Make sure your current IP address is on your Atlas cluster's IP whitelist: https://www.mongodb.com/docs/atlas/security-whitelist/[39m
2026-04-10 00:33:49 [[31merror[39m]: [31m❌ MongoDB connection failed: Could not connect to any servers in your MongoDB Atlas cluster. One common reason is that you're trying to access the database from an IP that isn't whitelisted. Make sure your current IP address is on your Atlas cluster's IP whitelist: https://www.mongodb.com/docs/atlas/security-whitelist/[39m
2026-04-10 00:34:24 [[31merror[39m]: [31m❌ MongoDB connection failed: Could not connect to any servers in your MongoDB Atlas cluster. One common reason is that you're trying to access the database from an IP that isn't whitelisted. Make sure your current IP address is on your Atlas cluster's IP whitelist: https://www.mongodb.com/docs/atlas/security-whitelist/[39m
2026-04-10 00:34:59 [[31merror[39m]: [31m❌ MongoDB connection failed: Could not connect to any servers in your MongoDB Atlas cluster. One common reason is that you're trying to access the database from an IP that isn't whitelisted. Make sure your current IP address is on your Atlas cluster's IP whitelist: https://www.mongodb.com/docs/atlas/security-whitelist/[39m
2026-04-10 00:35:34 [[31merror[39m]: [31m❌ MongoDB connection failed: Could not connect to any servers in your MongoDB Atlas cluster. One common reason is that you're trying to access the database from an IP that isn't whitelisted. Make sure your current IP address is on your Atlas cluster's IP whitelist: https://www.mongodb.com/docs/atlas/security-whitelist/[39m
2026-04-10 00:36:09 [[31merror[39m]: [31m❌ MongoDB connection failed: Could not connect to any servers in your MongoDB Atlas cluster. One common reason is that you're trying to access the database from an IP that isn't whitelisted. Make sure your current IP address is on your Atlas cluster's IP whitelist: https://www.mongodb.com/docs/atlas/security-whitelist/[39m
2026-04-10 00:36:44 [[31merror[39m]: [31m❌ MongoDB connection failed: Could not connect to any servers in your MongoDB Atlas cluster. One common reason is that you're trying to access the database from an IP that isn't whitelisted. Make sure your current IP address is on your Atlas cluster's IP whitelist: https://www.mongodb.com/docs/atlas/security-whitelist/[39m
2026-04-10 00:37:20 [[31merror[39m]: [31m❌ MongoDB connection failed: Could not connect to any servers in your MongoDB Atlas cluster. One common reason is that you're trying to access the database from an IP that isn't whitelisted. Make sure your current IP address is on your Atlas cluster's IP whitelist: https://www.mongodb.com/docs/atlas/security-whitelist/[39m
2026-04-10 00:37:55 [[31merror[39m]: [31m❌ MongoDB connection failed: Could not connect to any servers in your MongoDB Atlas cluster. One common reason is that you're trying to access the database from an IP that isn't whitelisted. Make sure your current IP address is on your Atlas cluster's IP whitelist: https://www.mongodb.com/docs/atlas/security-whitelist/[39m
2026-04-10 00:38:30 [[31merror[39m]: [31m❌ MongoDB connection failed: Could not connect to any servers in your MongoDB Atlas cluster. One common reason is that you're trying to access the database from an IP that isn't whitelisted. Make sure your current IP address is on your Atlas cluster's IP whitelist: https://www.mongodb.com/docs/atlas/security-whitelist/[39m
2026-04-10 00:39:05 [[31merror[39m]: [31m❌ MongoDB connection failed: Could not connect to any servers in your MongoDB Atlas cluster. One common reason is that you're trying to access the database from an IP that isn't whitelisted. Make sure your current IP address is on your Atlas cluster's IP whitelist: https://www.mongodb.com/docs/atlas/security-whitelist/[39m
2026-04-10 00:39:40 [[31merror[39m]: [31m❌ MongoDB connection failed: Could not connect to any servers in your MongoDB Atlas cluster. One common reason is that you're trying to access the database from an IP that isn't whitelisted. Make sure your current IP address is on your Atlas cluster's IP whitelist: https://www.mongodb.com/docs/atlas/security-whitelist/[39m
2026-04-10 00:40:15 [[31merror[39m]: [31m❌ MongoDB connection failed: Could not connect to any servers in your MongoDB Atlas cluster. One common reason is that you're trying to access the database from an IP that isn't whitelisted. Make sure your current IP address is on your Atlas cluster's IP whitelist: https://www.mongodb.com/docs/atlas/security-whitelist/[39m
2026-04-10 00:40:50 [[31merror[39m]: [31m❌ MongoDB connection failed: Could not connect to any servers in your MongoDB Atlas cluster. One common reason is that you're trying to access the database from an IP that isn't whitelisted. Make sure your current IP address is on your Atlas cluster's IP whitelist: https://www.mongodb.com/docs/atlas/security-whitelist/[39m
2026-04-10 00:41:25 [[31merror[39m]: [31m❌ MongoDB connection failed: Could not connect to any servers in your MongoDB Atlas cluster. One common reason is that you're trying to access the database from an IP that isn't whitelisted. Make sure your current IP address is on your Atlas cluster's IP whitelist: https://www.mongodb.com/docs/atlas/security-whitelist/[39m
2026-04-10 00:42:00 [[31merror[39m]: [31m❌ MongoDB connection failed: Could not connect to any servers in your MongoDB Atlas cluster. One common reason is that you're trying to access the database from an IP that isn't whitelisted. Make sure your current IP address is on your Atlas cluster's IP whitelist: https://www.mongodb.com/docs/atlas/security-whitelist/[39m
2026-04-10 00:42:35 [[31merror[39m]: [31m❌ MongoDB connection failed: Could not connect to any servers in your MongoDB Atlas cluster. One common reason is that you're trying to access the database from an IP that isn't whitelisted. Make sure your current IP address is on your Atlas cluster's IP whitelist: https://www.mongodb.com/docs/atlas/security-whitelist/[39m
2026-04-10 00:43:11 [[31merror[39m]: [31m❌ MongoDB connection failed: Could not connect to any servers in your MongoDB Atlas cluster. One common reason is that you're trying to access the database from an IP that isn't whitelisted. Make sure your current IP address is on your Atlas cluster's IP whitelist: https://www.mongodb.com/docs/atlas/security-whitelist/[39m
2026-04-10 00:43:46 [[31merror[39m]: [31m❌ MongoDB connection failed: Could not connect to any servers in your MongoDB Atlas cluster. One common reason is that you're trying to access the database from an IP that isn't whitelisted. Make sure your current IP address is on your Atlas cluster's IP whitelist: https://www.mongodb.com/docs/atlas/security-whitelist/[39m
2026-04-10 00:44:21 [[31merror[39m]: [31m❌ MongoDB connection failed: Could not connect to any servers in your MongoDB Atlas cluster. One common reason is that you're trying to access the database from an IP that isn't whitelisted. Make sure your current IP address is on your Atlas cluster's IP whitelist: https://www.mongodb.com/docs/atlas/security-whitelist/[39m
2026-04-10 00:44:56 [[31merror[39m]: [31m❌ MongoDB connection failed: Could not connect to any servers in your MongoDB Atlas cluster. One common reason is that you're trying to access the database from an IP that isn't whitelisted. Make sure your current IP address is on your Atlas cluster's IP whitelist: https://www.mongodb.com/docs/atlas/security-whitelist/[39m
2026-04-10 00:45:31 [[31merror[39m]: [31m❌ MongoDB connection failed: Could not connect to any servers in your MongoDB Atlas cluster. One common reason is that you're trying to access the database from an IP that isn't whitelisted. Make sure your current IP address is on your Atlas cluster's IP whitelist: https://www.mongodb.com/docs/atlas/security-whitelist/[39m
2026-04-10 00:46:06 [[31merror[39m]: [31m❌ MongoDB connection failed: Could not connect to any servers in your MongoDB Atlas cluster. One common reason is that you're trying to access the database from an IP that isn't whitelisted. Make sure your current IP address is on your Atlas cluster's IP whitelist: https://www.mongodb.com/docs/atlas/security-whitelist/[39m
2026-04-10 00:46:41 [[31merror[39m]: [31m❌ MongoDB connection failed: Could not connect to any servers in your MongoDB Atlas cluster. One common reason is that you're trying to access the database from an IP that isn't whitelisted. Make sure your current IP address is on your Atlas cluster's IP whitelist: https://www.mongodb.com/docs/atlas/security-whitelist/[39m
2026-04-10 00:47:16 [[31merror[39m]: [31m❌ MongoDB connection failed: Could not connect to any servers in your MongoDB Atlas cluster. One common reason is that you're trying to access the database from an IP that isn't whitelisted. Make sure your current IP address is on your Atlas cluster's IP whitelist: https://www.mongodb.com/docs/atlas/security-whitelist/[39m
2026-04-10 00:47:51 [[31merror[39m]: [31m❌ MongoDB connection failed: Could not connect to any servers in your MongoDB Atlas cluster. One common reason is that you're trying to access the database from an IP that isn't whitelisted. Make sure your current IP address is on your Atlas cluster's IP whitelist: https://www.mongodb.com/docs/atlas/security-whitelist/[39m
2026-04-10 00:48:26 [[31merror[39m]: [31m❌ MongoDB connection failed: Could not connect to any servers in your MongoDB Atlas cluster. One common reason is that you're trying to access the database from an IP that isn't whitelisted. Make sure your current IP address is on your Atlas cluster's IP whitelist: https://www.mongodb.com/docs/atlas/security-whitelist/[39m
2026-04-10 00:49:02 [[31merror[39m]: [31m❌ MongoDB connection failed: Could not connect to any servers in your MongoDB Atlas cluster. One common reason is that you're trying to access the database from an IP that isn't whitelisted. Make sure your current IP address is on your Atlas cluster's IP whitelist: https://www.mongodb.com/docs/atlas/security-whitelist/[39m
2026-04-10 00:49:37 [[31merror[39m]: [31m❌ MongoDB connection failed: Could not connect to any servers in your MongoDB Atlas cluster. One common reason is that you're trying to access the database from an IP that isn't whitelisted. Make sure your current IP address is on your Atlas cluster's IP whitelist: https://www.mongodb.com/docs/atlas/security-whitelist/[39m
2026-04-10 00:50:12 [[31merror[39m]: [31m❌ MongoDB connection failed: Could not connect to any servers in your MongoDB Atlas cluster. One common reason is that you're trying to access the database from an IP that isn't whitelisted. Make sure your current IP address is on your Atlas cluster's IP whitelist: https://www.mongodb.com/docs/atlas/security-whitelist/[39m
2026-04-10 00:50:47 [[31merror[39m]: [31m❌ MongoDB connection failed: Could not connect to any servers in your MongoDB Atlas cluster. One common reason is that you're trying to access the database from an IP that isn't whitelisted. Make sure your current IP address is on your Atlas cluster's IP whitelist: https://www.mongodb.com/docs/atlas/security-whitelist/[39m
2026-04-10 00:51:22 [[31merror[39m]: [31m❌ MongoDB connection failed: Could not connect to any servers in your MongoDB Atlas cluster. One common reason is that you're trying to access the database from an IP that isn't whitelisted. Make sure your current IP address is on your Atlas cluster's IP whitelist: https://www.mongodb.com/docs/atlas/security-whitelist/[39m
2026-04-10 00:51:57 [[31merror[39m]: [31m❌ MongoDB connection failed: Could not connect to any servers in your MongoDB Atlas cluster. One common reason is that you're trying to access the database from an IP that isn't whitelisted. Make sure your current IP address is on your Atlas cluster's IP whitelist: https://www.mongodb.com/docs/atlas/security-whitelist/[39m
2026-04-10 00:52:32 [[31merror[39m]: [31m❌ MongoDB connection failed: Could not connect to any servers in your MongoDB Atlas cluster. One common reason is that you're trying to access the database from an IP that isn't whitelisted. Make sure your current IP address is on your Atlas cluster's IP whitelist: https://www.mongodb.com/docs/atlas/security-whitelist/[39m
2026-04-10 00:53:07 [[31merror[39m]: [31m❌ MongoDB connection failed: Could not connect to any servers in your MongoDB Atlas cluster. One common reason is that you're trying to access the database from an IP that isn't whitelisted. Make sure your current IP address is on your Atlas cluster's IP whitelist: https://www.mongodb.com/docs/atlas/security-whitelist/[39m
2026-04-10 00:54:30 [[31merror[39m]: [31m❌ MongoDB connection failed: Could not connect to any servers in your MongoDB Atlas cluster. One common reason is that you're trying to access the database from an IP that isn't whitelisted. Make sure your current IP address is on your Atlas cluster's IP whitelist: https://www.mongodb.com/docs/atlas/security-whitelist/[39m
2026-04-10 00:55:05 [[31merror[39m]: [31m❌ MongoDB connection failed: Could not connect to any servers in your MongoDB Atlas cluster. One common reason is that you're trying to access the database from an IP that isn't whitelisted. Make sure your current IP address is on your Atlas cluster's IP whitelist: https://www.mongodb.com/docs/atlas/security-whitelist/[39m
2026-04-10 00:55:40 [[31merror[39m]: [31m❌ MongoDB connection failed: Could not connect to any servers in your MongoDB Atlas cluster. One common reason is that you're trying to access the database from an IP that isn't whitelisted. Make sure your current IP address is on your Atlas cluster's IP whitelist: https://www.mongodb.com/docs/atlas/security-whitelist/[39m
2026-04-10 00:56:15 [[31merror[39m]: [31m❌ MongoDB connection failed: Could not connect to any servers in your MongoDB Atlas cluster. One common reason is that you're trying to access the database from an IP that isn't whitelisted. Make sure your current IP address is on your Atlas cluster's IP whitelist: https://www.mongodb.com/docs/atlas/security-whitelist/[39m
2026-04-10 00:56:50 [[31merror[39m]: [31m❌ MongoDB connection failed: Could not connect to any servers in your MongoDB Atlas cluster. One common reason is that you're trying to access the database from an IP that isn't whitelisted. Make sure your current IP address is on your Atlas cluster's IP whitelist: https://www.mongodb.com/docs/atlas/security-whitelist/[39m
2026-04-10 00:57:25 [[31merror[39m]: [31m❌ MongoDB connection failed: Could not connect to any servers in your MongoDB Atlas cluster. One common reason is that you're trying to access the database from an IP that isn't whitelisted. Make sure your current IP address is on your Atlas cluster's IP whitelist: https://www.mongodb.com/docs/atlas/security-whitelist/[39m
2026-04-10 00:58:00 [[31merror[39m]: [31m❌ MongoDB connection failed: Could not connect to any servers in your MongoDB Atlas cluster. One common reason is that you're trying to access the database from an IP that isn't whitelisted. Make sure your current IP address is on your Atlas cluster's IP whitelist: https://www.mongodb.com/docs/atlas/security-whitelist/[39m
2026-04-10 00:58:36 [[31merror[39m]: [31m❌ MongoDB connection failed: Could not connect to any servers in your MongoDB Atlas cluster. One common reason is that you're trying to access the database from an IP that isn't whitelisted. Make sure your current IP address is on your Atlas cluster's IP whitelist: https://www.mongodb.com/docs/atlas/security-whitelist/[39m
2026-04-10 00:59:11 [[31merror[39m]: [31m❌ MongoDB connection failed: Could not connect to any servers in your MongoDB Atlas cluster. One common reason is that you're trying to access the database from an IP that isn't whitelisted. Make sure your current IP address is on your Atlas cluster's IP whitelist: https://www.mongodb.com/docs/atlas/security-whitelist/[39m
2026-04-10 00:59:46 [[31merror[39m]: [31m❌ MongoDB connection failed: Could not connect to any servers in your MongoDB Atlas cluster. One common reason is that you're trying to access the database from an IP that isn't whitelisted. Make sure your current IP address is on your Atlas cluster's IP whitelist: https://www.mongodb.com/docs/atlas/security-whitelist/[39m
2026-04-10 01:00:21 [[31merror[39m]: [31m❌ MongoDB connection failed: Could not connect to any servers in your MongoDB Atlas cluster. One common reason is that you're trying to access the database from an IP that isn't whitelisted. Make sure your current IP address is on your Atlas cluster's IP whitelist: https://www.mongodb.com/docs/atlas/security-whitelist/[39m
2026-04-10 01:00:56 [[31merror[39m]: [31m❌ MongoDB connection failed: Could not connect to any servers in your MongoDB Atlas cluster. One common reason is that you're trying to access the database from an IP that isn't whitelisted. Make sure your current IP address is on your Atlas cluster's IP whitelist: https://www.mongodb.com/docs/atlas/security-whitelist/[39m
2026-04-10 01:01:31 [[31merror[39m]: [31m❌ MongoDB connection failed: Could not connect to any servers in your MongoDB Atlas cluster. One common reason is that you're trying to access the database from an IP that isn't whitelisted. Make sure your current IP address is on your Atlas cluster's IP whitelist: https://www.mongodb.com/docs/atlas/security-whitelist/[39m
2026-04-10 01:02:06 [[31merror[39m]: [31m❌ MongoDB connection failed: Could not connect to any servers in your MongoDB Atlas cluster. One common reason is that you're trying to access the database from an IP that isn't whitelisted. Make sure your current IP address is on your Atlas cluster's IP whitelist: https://www.mongodb.com/docs/atlas/security-whitelist/[39m
2026-04-10 01:02:41 [[31merror[39m]: [31m❌ MongoDB connection failed: Could not connect to any servers in your MongoDB Atlas cluster. One common reason is that you're trying to access the database from an IP that isn't whitelisted. Make sure your current IP address is on your Atlas cluster's IP whitelist: https://www.mongodb.com/docs/atlas/security-whitelist/[39m
2026-04-10 01:03:16 [[31merror[39m]: [31m❌ MongoDB connection failed: Could not connect to any servers in your MongoDB Atlas cluster. One common reason is that you're trying to access the database from an IP that isn't whitelisted. Make sure your current IP address is on your Atlas cluster's IP whitelist: https://www.mongodb.com/docs/atlas/security-whitelist/[39m
2026-04-10 01:03:51 [[31merror[39m]: [31m❌ MongoDB connection failed: Could not connect to any servers in your MongoDB Atlas cluster. One common reason is that you're trying to access the database from an IP that isn't whitelisted. Make sure your current IP address is on your Atlas cluster's IP whitelist: https://www.mongodb.com/docs/atlas/security-whitelist/[39m
2026-04-10 01:04:27 [[31merror[39m]: [31m❌ MongoDB connection failed: Could not connect to any servers in your MongoDB Atlas cluster. One common reason is that you're trying to access the database from an IP that isn't whitelisted. Make sure your current IP address is on your Atlas cluster's IP whitelist: https://www.mongodb.com/docs/atlas/security-whitelist/[39m
2026-04-10 01:05:02 [[31merror[39m]: [31m❌ MongoDB connection failed: Could not connect to any servers in your MongoDB Atlas cluster. One common reason is that you're trying to access the database from an IP that isn't whitelisted. Make sure your current IP address is on your Atlas cluster's IP whitelist: https://www.mongodb.com/docs/atlas/security-whitelist/[39m
2026-04-10 01:05:37 [[31merror[39m]: [31m❌ MongoDB connection failed: Could not connect to any servers in your MongoDB Atlas cluster. One common reason is that you're trying to access the database from an IP that isn't whitelisted. Make sure your current IP address is on your Atlas cluster's IP whitelist: https://www.mongodb.com/docs/atlas/security-whitelist/[39m
2026-04-10 01:06:12 [[31merror[39m]: [31m❌ MongoDB connection failed: Could not connect to any servers in your MongoDB Atlas cluster. One common reason is that you're trying to access the database from an IP that isn't whitelisted. Make sure your current IP address is on your Atlas cluster's IP whitelist: https://www.mongodb.com/docs/atlas/security-whitelist/[39m
2026-04-10 01:06:47 [[31merror[39m]: [31m❌ MongoDB connection failed: Could not connect to any servers in your MongoDB Atlas cluster. One common reason is that you're trying to access the database from an IP that isn't whitelisted. Make sure your current IP address is on your Atlas cluster's IP whitelist: https://www.mongodb.com/docs/atlas/security-whitelist/[39m
2026-04-10 01:07:22 [[31merror[39m]: [31m❌ MongoDB connection failed: Could not connect to any servers in your MongoDB Atlas cluster. One common reason is that you're trying to access the database from an IP that isn't whitelisted. Make sure your current IP address is on your Atlas cluster's IP whitelist: https://www.mongodb.com/docs/atlas/security-whitelist/[39m
2026-04-10 01:07:57 [[31merror[39m]: [31m❌ MongoDB connection failed: Could not connect to any servers in your MongoDB Atlas cluster. One common reason is that you're trying to access the database from an IP that isn't whitelisted. Make sure your current IP address is on your Atlas cluster's IP whitelist: https://www.mongodb.com/docs/atlas/security-whitelist/[39m
2026-04-10 01:08:32 [[31merror[39m]: [31m❌ MongoDB connection failed: Could not connect to any servers in your MongoDB Atlas cluster. One common reason is that you're trying to access the database from an IP that isn't whitelisted. Make sure your current IP address is on your Atlas cluster's IP whitelist: https://www.mongodb.com/docs/atlas/security-whitelist/[39m
2026-04-10 01:09:07 [[31merror[39m]: [31m❌ MongoDB connection failed: Could not connect to any servers in your MongoDB Atlas cluster. One common reason is that you're trying to access the database from an IP that isn't whitelisted. Make sure your current IP address is on your Atlas cluster's IP whitelist: https://www.mongodb.com/docs/atlas/security-whitelist/[39m
2026-04-10 01:09:43 [[31merror[39m]: [31m❌ MongoDB connection failed: Could not connect to any servers in your MongoDB Atlas cluster. One common reason is that you're trying to access the database from an IP that isn't whitelisted. Make sure your current IP address is on your Atlas cluster's IP whitelist: https://www.mongodb.com/docs/atlas/security-whitelist/[39m
2026-04-10 01:10:18 [[31merror[39m]: [31m❌ MongoDB connection failed: Could not connect to any servers in your MongoDB Atlas cluster. One common reason is that you're trying to access the database from an IP that isn't whitelisted. Make sure your current IP address is on your Atlas cluster's IP whitelist: https://www.mongodb.com/docs/atlas/security-whitelist/[39m
2026-04-10 01:10:53 [[31merror[39m]: [31m❌ MongoDB connection failed: Could not connect to any servers in your MongoDB Atlas cluster. One common reason is that you're trying to access the database from an IP that isn't whitelisted. Make sure your current IP address is on your Atlas cluster's IP whitelist: https://www.mongodb.com/docs/atlas/security-whitelist/[39m
2026-04-10 01:11:28 [[31merror[39m]: [31m❌ MongoDB connection failed: Could not connect to any servers in your MongoDB Atlas cluster. One common reason is that you're trying to access the database from an IP that isn't whitelisted. Make sure your current IP address is on your Atlas cluster's IP whitelist: https://www.mongodb.com/docs/atlas/security-whitelist/[39m
2026-04-10 01:12:03 [[31merror[39m]: [31m❌ MongoDB connection failed: Could not connect to any servers in your MongoDB Atlas cluster. One common reason is that you're trying to access the database from an IP that isn't whitelisted. Make sure your current IP address is on your Atlas cluster's IP whitelist: https://www.mongodb.com/docs/atlas/security-whitelist/[39m
2026-04-10 01:12:38 [[31merror[39m]: [31m❌ MongoDB connection failed: Could not connect to any servers in your MongoDB Atlas cluster. One common reason is that you're trying to access the database from an IP that isn't whitelisted. Make sure your current IP address is on your Atlas cluster's IP whitelist: https://www.mongodb.com/docs/atlas/security-whitelist/[39m
2026-04-10 01:13:13 [[31merror[39m]: [31m❌ MongoDB connection failed: Could not connect to any servers in your MongoDB Atlas cluster. One common reason is that you're trying to access the database from an IP that isn't whitelisted. Make sure your current IP address is on your Atlas cluster's IP whitelist: https://www.mongodb.com/docs/atlas/security-whitelist/[39m
2026-04-10 01:13:48 [[31merror[39m]: [31m❌ MongoDB connection failed: Could not connect to any servers in your MongoDB Atlas cluster. One common reason is that you're trying to access the database from an IP that isn't whitelisted. Make sure your current IP address is on your Atlas cluster's IP whitelist: https://www.mongodb.com/docs/atlas/security-whitelist/[39m
2026-04-10 01:14:23 [[31merror[39m]: [31m❌ MongoDB connection failed: Could not connect to any servers in your MongoDB Atlas cluster. One common reason is that you're trying to access the database from an IP that isn't whitelisted. Make sure your current IP address is on your Atlas cluster's IP whitelist: https://www.mongodb.com/docs/atlas/security-whitelist/[39m
2026-04-10 01:14:59 [[31merror[39m]: [31m❌ MongoDB connection failed: Could not connect to any servers in your MongoDB Atlas cluster. One common reason is that you're trying to access the database from an IP that isn't whitelisted. Make sure your current IP address is on your Atlas cluster's IP whitelist: https://www.mongodb.com/docs/atlas/security-whitelist/[39m
2026-04-10 01:15:34 [[31merror[39m]: [31m❌ MongoDB connection failed: Could not connect to any servers in your MongoDB Atlas cluster. One common reason is that you're trying to access the database from an IP that isn't whitelisted. Make sure your current IP address is on your Atlas cluster's IP whitelist: https://www.mongodb.com/docs/atlas/security-whitelist/[39m
2026-04-10 01:16:09 [[31merror[39m]: [31m❌ MongoDB connection failed: Could not connect to any servers in your MongoDB Atlas cluster. One common reason is that you're trying to access the database from an IP that isn't whitelisted. Make sure your current IP address is on your Atlas cluster's IP whitelist: https://www.mongodb.com/docs/atlas/security-whitelist/[39m
2026-04-10 01:16:44 [[31merror[39m]: [31m❌ MongoDB connection failed: Could not connect to any servers in your MongoDB Atlas cluster. One common reason is that you're trying to access the database from an IP that isn't whitelisted. Make sure your current IP address is on your Atlas cluster's IP whitelist: https://www.mongodb.com/docs/atlas/security-whitelist/[39m
2026-04-10 01:17:19 [[31merror[39m]: [31m❌ MongoDB connection failed: Could not connect to any servers in your MongoDB Atlas cluster. One common reason is that you're trying to access the database from an IP that isn't whitelisted. Make sure your current IP address is on your Atlas cluster's IP whitelist: https://www.mongodb.com/docs/atlas/security-whitelist/[39m
2026-04-10 01:17:54 [[31merror[39m]: [31m❌ MongoDB connection failed: Could not connect to any servers in your MongoDB Atlas cluster. One common reason is that you're trying to access the database from an IP that isn't whitelisted. Make sure your current IP address is on your Atlas cluster's IP whitelist: https://www.mongodb.com/docs/atlas/security-whitelist/[39m
2026-04-10 01:18:29 [[31merror[39m]: [31m❌ MongoDB connection failed: Could not connect to any servers in your MongoDB Atlas cluster. One common reason is that you're trying to access the database from an IP that isn't whitelisted. Make sure your current IP address is on your Atlas cluster's IP whitelist: https://www.mongodb.com/docs/atlas/security-whitelist/[39m
2026-04-10 01:19:04 [[31merror[39m]: [31m❌ MongoDB connection failed: Could not connect to any servers in your MongoDB Atlas cluster. One common reason is that you're trying to access the database from an IP that isn't whitelisted. Make sure your current IP address is on your Atlas cluster's IP whitelist: https://www.mongodb.com/docs/atlas/security-whitelist/[39m
2026-04-10 01:19:39 [[31merror[39m]: [31m❌ MongoDB connection failed: Could not connect to any servers in your MongoDB Atlas cluster. One common reason is that you're trying to access the database from an IP that isn't whitelisted. Make sure your current IP address is on your Atlas cluster's IP whitelist: https://www.mongodb.com/docs/atlas/security-whitelist/[39m
2026-04-10 01:20:14 [[31merror[39m]: [31m❌ MongoDB connection failed: Could not connect to any servers in your MongoDB Atlas cluster. One common reason is that you're trying to access the database from an IP that isn't whitelisted. Make sure your current IP address is on your Atlas cluster's IP whitelist: https://www.mongodb.com/docs/atlas/security-whitelist/[39m
2026-04-10 01:20:50 [[31merror[39m]: [31m❌ MongoDB connection failed: Could not connect to any servers in your MongoDB Atlas cluster. One common reason is that you're trying to access the database from an IP that isn't whitelisted. Make sure your current IP address is on your Atlas cluster's IP whitelist: https://www.mongodb.com/docs/atlas/security-whitelist/[39m
2026-04-10 01:21:25 [[31merror[39m]: [31m❌ MongoDB connection failed: Could not connect to any servers in your MongoDB Atlas cluster. One common reason is that you're trying to access the database from an IP that isn't whitelisted. Make sure your current IP address is on your Atlas cluster's IP whitelist: https://www.mongodb.com/docs/atlas/security-whitelist/[39m
2026-04-10 01:22:00 [[31merror[39m]: [31m❌ MongoDB connection failed: Could not connect to any servers in your MongoDB Atlas cluster. One common reason is that you're trying to access the database from an IP that isn't whitelisted. Make sure your current IP address is on your Atlas cluster's IP whitelist: https://www.mongodb.com/docs/atlas/security-whitelist/[39m
2026-04-10 01:22:35 [[31merror[39m]: [31m❌ MongoDB connection failed: Could not connect to any servers in your MongoDB Atlas cluster. One common reason is that you're trying to access the database from an IP that isn't whitelisted. Make sure your current IP address is on your Atlas cluster's IP whitelist: https://www.mongodb.com/docs/atlas/security-whitelist/[39m
2026-04-10 01:23:10 [[31merror[39m]: [31m❌ MongoDB connection failed: Could not connect to any servers in your MongoDB Atlas cluster. One common reason is that you're trying to access the database from an IP that isn't whitelisted. Make sure your current IP address is on your Atlas cluster's IP whitelist: https://www.mongodb.com/docs/atlas/security-whitelist/[39m
2026-04-10 01:23:45 [[31merror[39m]: [31m❌ MongoDB connection failed: Could not connect to any servers in your MongoDB Atlas cluster. One common reason is that you're trying to access the database from an IP that isn't whitelisted. Make sure your current IP address is on your Atlas cluster's IP whitelist: https://www.mongodb.com/docs/atlas/security-whitelist/[39m
2026-04-10 01:24:20 [[31merror[39m]: [31m❌ MongoDB connection failed: Could not connect to any servers in your MongoDB Atlas cluster. One common reason is that you're trying to access the database from an IP that isn't whitelisted. Make sure your current IP address is on your Atlas cluster's IP whitelist: https://www.mongodb.com/docs/atlas/security-whitelist/[39m
2026-04-10 01:24:55 [[31merror[39m]: [31m❌ MongoDB connection failed: Could not connect to any servers in your MongoDB Atlas cluster. One common reason is that you're trying to access the database from an IP that isn't whitelisted. Make sure your current IP address is on your Atlas cluster's IP whitelist: https://www.mongodb.com/docs/atlas/security-whitelist/[39m
2026-04-10 01:25:30 [[31merror[39m]: [31m❌ MongoDB connection failed: Could not connect to any servers in your MongoDB Atlas cluster. One common reason is that you're trying to access the database from an IP that isn't whitelisted. Make sure your current IP address is on your Atlas cluster's IP whitelist: https://www.mongodb.com/docs/atlas/security-whitelist/[39m
2026-04-10 01:26:05 [[31merror[39m]: [31m❌ MongoDB connection failed: Could not connect to any servers in your MongoDB Atlas cluster. One common reason is that you're trying to access the database from an IP that isn't whitelisted. Make sure your current IP address is on your Atlas cluster's IP whitelist: https://www.mongodb.com/docs/atlas/security-whitelist/[39m
2026-04-10 01:26:41 [[31merror[39m]: [31m❌ MongoDB connection failed: Could not connect to any servers in your MongoDB Atlas cluster. One common reason is that you're trying to access the database from an IP that isn't whitelisted. Make sure your current IP address is on your Atlas cluster's IP whitelist: https://www.mongodb.com/docs/atlas/security-whitelist/[39m
2026-04-10 01:27:16 [[31merror[39m]: [31m❌ MongoDB connection failed: Could not connect to any servers in your MongoDB Atlas cluster. One common reason is that you're trying to access the database from an IP that isn't whitelisted. Make sure your current IP address is on your Atlas cluster's IP whitelist: https://www.mongodb.com/docs/atlas/security-whitelist/[39m
2026-04-10 01:27:51 [[31merror[39m]: [31m❌ MongoDB connection failed: Could not connect to any servers in your MongoDB Atlas cluster. One common reason is that you're trying to access the database from an IP that isn't whitelisted. Make sure your current IP address is on your Atlas cluster's IP whitelist: https://www.mongodb.com/docs/atlas/security-whitelist/[39m
2026-04-10 01:28:26 [[31merror[39m]: [31m❌ MongoDB connection failed: Could not connect to any servers in your MongoDB Atlas cluster. One common reason is that you're trying to access the database from an IP that isn't whitelisted. Make sure your current IP address is on your Atlas cluster's IP whitelist: https://www.mongodb.com/docs/atlas/security-whitelist/[39m
2026-04-10 01:29:01 [[31merror[39m]: [31m❌ MongoDB connection failed: Could not connect to any servers in your MongoDB Atlas cluster. One common reason is that you're trying to access the database from an IP that isn't whitelisted. Make sure your current IP address is on your Atlas cluster's IP whitelist: https://www.mongodb.com/docs/atlas/security-whitelist/[39m
2026-04-10 01:29:36 [[31merror[39m]: [31m❌ MongoDB connection failed: Could not connect to any servers in your MongoDB Atlas cluster. One common reason is that you're trying to access the database from an IP that isn't whitelisted. Make sure your current IP address is on your Atlas cluster's IP whitelist: https://www.mongodb.com/docs/atlas/security-whitelist/[39m
2026-04-10 01:30:11 [[31merror[39m]: [31m❌ MongoDB connection failed: Could not connect to any servers in your MongoDB Atlas cluster. One common reason is that you're trying to access the database from an IP that isn't whitelisted. Make sure your current IP address is on your Atlas cluster's IP whitelist: https://www.mongodb.com/docs/atlas/security-whitelist/[39m
2026-04-10 01:30:46 [[31merror[39m]: [31m❌ MongoDB connection failed: Could not connect to any servers in your MongoDB Atlas cluster. One common reason is that you're trying to access the database from an IP that isn't whitelisted. Make sure your current IP address is on your Atlas cluster's IP whitelist: https://www.mongodb.com/docs/atlas/security-whitelist/[39m
2026-04-10 01:31:21 [[31merror[39m]: [31m❌ MongoDB connection failed: Could not connect to any servers in your MongoDB Atlas cluster. One common reason is that you're trying to access the database from an IP that isn't whitelisted. Make sure your current IP address is on your Atlas cluster's IP whitelist: https://www.mongodb.com/docs/atlas/security-whitelist/[39m
2026-04-10 01:31:56 [[31merror[39m]: [31m❌ MongoDB connection failed: Could not connect to any servers in your MongoDB Atlas cluster. One common reason is that you're trying to access the database from an IP that isn't whitelisted. Make sure your current IP address is on your Atlas cluster's IP whitelist: https://www.mongodb.com/docs/atlas/security-whitelist/[39m
2026-04-10 01:32:32 [[31merror[39m]: [31m❌ MongoDB connection failed: Could not connect to any servers in your MongoDB Atlas cluster. One common reason is that you're trying to access the database from an IP that isn't whitelisted. Make sure your current IP address is on your Atlas cluster's IP whitelist: https://www.mongodb.com/docs/atlas/security-whitelist/[39m
2026-04-10 01:33:07 [[31merror[39m]: [31m❌ MongoDB connection failed: Could not connect to any servers in your MongoDB Atlas cluster. One common reason is that you're trying to access the database from an IP that isn't whitelisted. Make sure your current IP address is on your Atlas cluster's IP whitelist: https://www.mongodb.com/docs/atlas/security-whitelist/[39m
2026-04-10 01:33:42 [[31merror[39m]: [31m❌ MongoDB connection failed: Could not connect to any servers in your MongoDB Atlas cluster. One common reason is that you're trying to access the database from an IP that isn't whitelisted. Make sure your current IP address is on your Atlas cluster's IP whitelist: https://www.mongodb.com/docs/atlas/security-whitelist/[39m
2026-04-10 01:34:17 [[31merror[39m]: [31m❌ MongoDB connection failed: Could not connect to any servers in your MongoDB Atlas cluster. One common reason is that you're trying to access the database from an IP that isn't whitelisted. Make sure your current IP address is on your Atlas cluster's IP whitelist: https://www.mongodb.com/docs/atlas/security-whitelist/[39m
2026-04-10 01:34:52 [[31merror[39m]: [31m❌ MongoDB connection failed: Could not connect to any servers in your MongoDB Atlas cluster. One common reason is that you're trying to access the database from an IP that isn't whitelisted. Make sure your current IP address is on your Atlas cluster's IP whitelist: https://www.mongodb.com/docs/atlas/security-whitelist/[39m
2026-04-10 01:35:27 [[31merror[39m]: [31m❌ MongoDB connection failed: Could not connect to any servers in your MongoDB Atlas cluster. One common reason is that you're trying to access the database from an IP that isn't whitelisted. Make sure your current IP address is on your Atlas cluster's IP whitelist: https://www.mongodb.com/docs/atlas/security-whitelist/[39m
2026-04-10 01:36:02 [[31merror[39m]: [31m❌ MongoDB connection failed: Could not connect to any servers in your MongoDB Atlas cluster. One common reason is that you're trying to access the database from an IP that isn't whitelisted. Make sure your current IP address is on your Atlas cluster's IP whitelist: https://www.mongodb.com/docs/atlas/security-whitelist/[39m
2026-04-10 01:36:37 [[31merror[39m]: [31m❌ MongoDB connection failed: Could not connect to any servers in your MongoDB Atlas cluster. One common reason is that you're trying to access the database from an IP that isn't whitelisted. Make sure your current IP address is on your Atlas cluster's IP whitelist: https://www.mongodb.com/docs/atlas/security-whitelist/[39m
2026-04-10 01:37:12 [[31merror[39m]: [31m❌ MongoDB connection failed: Could not connect to any servers in your MongoDB Atlas cluster. One common reason is that you're trying to access the database from an IP that isn't whitelisted. Make sure your current IP address is on your Atlas cluster's IP whitelist: https://www.mongodb.com/docs/atlas/security-whitelist/[39m
2026-04-10 01:37:47 [[31merror[39m]: [31m❌ MongoDB connection failed: Could not connect to any servers in your MongoDB Atlas cluster. One common reason is that you're trying to access the database from an IP that isn't whitelisted. Make sure your current IP address is on your Atlas cluster's IP whitelist: https://www.mongodb.com/docs/atlas/security-whitelist/[39m
2026-04-10 01:38:23 [[31merror[39m]: [31m❌ MongoDB connection failed: Could not connect to any servers in your MongoDB Atlas cluster. One common reason is that you're trying to access the database from an IP that isn't whitelisted. Make sure your current IP address is on your Atlas cluster's IP whitelist: https://www.mongodb.com/docs/atlas/security-whitelist/[39m
2026-04-10 01:38:58 [[31merror[39m]: [31m❌ MongoDB connection failed: Could not connect to any servers in your MongoDB Atlas cluster. One common reason is that you're trying to access the database from an IP that isn't whitelisted. Make sure your current IP address is on your Atlas cluster's IP whitelist: https://www.mongodb.com/docs/atlas/security-whitelist/[39m
2026-04-10 01:39:33 [[31merror[39m]: [31m❌ MongoDB connection failed: Could not connect to any servers in your MongoDB Atlas cluster. One common reason is that you're trying to access the database from an IP that isn't whitelisted. Make sure your current IP address is on your Atlas cluster's IP whitelist: https://www.mongodb.com/docs/atlas/security-whitelist/[39m
2026-04-10 01:40:08 [[31merror[39m]: [31m❌ MongoDB connection failed: Could not connect to any servers in your MongoDB Atlas cluster. One common reason is that you're trying to access the database from an IP that isn't whitelisted. Make sure your current IP address is on your Atlas cluster's IP whitelist: https://www.mongodb.com/docs/atlas/security-whitelist/[39m
2026-04-10 01:40:43 [[31merror[39m]: [31m❌ MongoDB connection failed: Could not connect to any servers in your MongoDB Atlas cluster. One common reason is that you're trying to access the database from an IP that isn't whitelisted. Make sure your current IP address is on your Atlas cluster's IP whitelist: https://www.mongodb.com/docs/atlas/security-whitelist/[39m
2026-04-10 01:41:18 [[31merror[39m]: [31m❌ MongoDB connection failed: Could not connect to any servers in your MongoDB Atlas cluster. One common reason is that you're trying to access the database from an IP that isn't whitelisted. Make sure your current IP address is on your Atlas cluster's IP whitelist: https://www.mongodb.com/docs/atlas/security-whitelist/[39m
2026-04-10 01:41:53 [[31merror[39m]: [31m❌ MongoDB connection failed: Could not connect to any servers in your MongoDB Atlas cluster. One common reason is that you're trying to access the database from an IP that isn't whitelisted. Make sure your current IP address is on your Atlas cluster's IP whitelist: https://www.mongodb.com/docs/atlas/security-whitelist/[39m
2026-04-10 01:42:28 [[31merror[39m]: [31m❌ MongoDB connection failed: Could not connect to any servers in your MongoDB Atlas cluster. One common reason is that you're trying to access the database from an IP that isn't whitelisted. Make sure your current IP address is on your Atlas cluster's IP whitelist: https://www.mongodb.com/docs/atlas/security-whitelist/[39m
2026-04-10 01:43:03 [[31merror[39m]: [31m❌ MongoDB connection failed: Could not connect to any servers in your MongoDB Atlas cluster. One common reason is that you're trying to access the database from an IP that isn't whitelisted. Make sure your current IP address is on your Atlas cluster's IP whitelist: https://www.mongodb.com/docs/atlas/security-whitelist/[39m
2026-04-10 01:43:38 [[31merror[39m]: [31m❌ MongoDB connection failed: Could not connect to any servers in your MongoDB Atlas cluster. One common reason is that you're trying to access the database from an IP that isn't whitelisted. Make sure your current IP address is on your Atlas cluster's IP whitelist: https://www.mongodb.com/docs/atlas/security-whitelist/[39m
2026-04-10 01:44:14 [[31merror[39m]: [31m❌ MongoDB connection failed: Could not connect to any servers in your MongoDB Atlas cluster. One common reason is that you're trying to access the database from an IP that isn't whitelisted. Make sure your current IP address is on your Atlas cluster's IP whitelist: https://www.mongodb.com/docs/atlas/security-whitelist/[39m
2026-04-10 01:44:49 [[31merror[39m]: [31m❌ MongoDB connection failed: Could not connect to any servers in your MongoDB Atlas cluster. One common reason is that you're trying to access the database from an IP that isn't whitelisted. Make sure your current IP address is on your Atlas cluster's IP whitelist: https://www.mongodb.com/docs/atlas/security-whitelist/[39m
2026-04-10 01:45:24 [[31merror[39m]: [31m❌ MongoDB connection failed: Could not connect to any servers in your MongoDB Atlas cluster. One common reason is that you're trying to access the database from an IP that isn't whitelisted. Make sure your current IP address is on your Atlas cluster's IP whitelist: https://www.mongodb.com/docs/atlas/security-whitelist/[39m
